============================= test session starts =============================
platform win32 -- Python 3.14.0, pytest-9.0.2, pluggy-1.6.0 -- C:\Python314\python.exe
cachedir: .pytest_cache
rootdir: C:\tools\organizefiles0112\LocalCuratorPrime
configfile: pytest.ini
plugins: anyio-4.12.1, cov-7.0.0
collecting ... collected 78 items / 4 skipped

tests/test_album_api.py::test_create_dynamic_album_validation PASSED     [  1%]
tests/test_album_api.py::test_update_dynamic_album_validation PASSED     [  2%]
tests/test_albums.py::test_create_static_album PASSED                    [  3%]
tests/test_albums.py::test_create_dynamic_album PASSED                   [  5%]
tests/test_albums.py::test_add_remove_items_static PASSED                [  6%]
tests/test_albums.py::test_dynamic_album_results PASSED                  [  7%]
tests/test_albums.py::test_delete_album PASSED                           [  8%]
tests/test_albums.py::test_update_album PASSED                           [ 10%]
tests/test_bulk_tags.py::test_bulk_add_tags PASSED                       [ 11%]
tests/test_bulk_tags.py::test_bulk_remove_tags PASSED                    [ 12%]
tests/test_bulk_tags.py::test_bulk_replace_tags PASSED                   [ 14%]
tests/test_bulk_tags.py::test_bulk_limit_exceeded PASSED                 [ 15%]
tests/test_bulk_tags.py::test_bulk_mixed_results PASSED                  [ 16%]
tests/test_bulk_tags.py::test_bulk_empty_tags PASSED                     [ 17%]
tests/test_bulk_tags.py::test_bulk_add_tags_deduplication PASSED         [ 19%]
tests/test_debug_unpacking.py::test_batch_unpacking PASSED               [ 20%]
tests/test_deduplication.py::test_deduplication_logic PASSED             [ 21%]
tests/test_deduplication_merge.py::test_metadata_merge PASSED            [ 23%]
tests/test_exporter.py::test_export_to_xmp_sidecar PASSED                [ 24%]
tests/test_exporter.py::test_export_to_exif_jpeg PASSED                  [ 25%]
tests/test_exporter.py::test_export_exif_unsupported_format PASSED       [ 26%]
tests/test_exporter.py::test_export_batch_mixed PASSED                   [ 28%]
tests/test_insights.py::test_empty_library_insights PASSED               [ 29%]
tests/test_insights.py::test_untagged_files_insight PASSED               [ 30%]
tests/test_insights.py::test_untagged_files_high_priority PASSED         [ 32%]
tests/test_insights.py::test_album_suggestion_insight PASSED             [ 33%]
tests/test_insights.py::test_album_suggestion_already_exists PASSED      [ 34%]
tests/test_insights.py::test_low_quality_tags_insight PASSED             [ 35%]
tests/test_insights.py::test_api_insights_endpoint PASSED                [ 37%]
tests/test_integration_export_dedup.py::test_integration_export_dedup_deletes_xmp PASSED [ 38%]
tests/test_pipeline.py::test_pipeline PASSED                             [ 39%]
tests/test_rescan.py::test_single_rescan PASSED                          [ 41%]
tests/test_rescan.py::test_bulk_rescan PASSED                            [ 42%]
tests/test_rescan.py::test_bulk_rescan_limit PASSED                      [ 43%]
tests/test_rescan.py::test_rescan_invalid_file PASSED                    [ 44%]
tests/test_reverse_search.py::test_reverse_search_endpoint PASSED        [ 46%]
tests/test_scan_job_manager.py::test_scan_job_lifecycle PASSED           [ 47%]
tests/test_scenes.py::test_detect_scenes_endpoint PASSED                 [ 48%]
tests/test_scenes.py::test_delete_scenes_endpoint PASSED                 [ 50%]
tests/test_scenes.py::test_scene_search_endpoint PASSED                  [ 51%]
tests/test_scenes.py::test_db_manager_new_columns PASSED                 [ 52%]
tests/test_scenes.py::test_detect_scenes_not_found PASSED                [ 53%]
tests/test_scenes.py::test_detect_scenes_not_video PASSED                [ 55%]
tests/test_scenes.py::test_detect_scenes_duration_limit PASSED           [ 56%]
tests/test_scenes.py::test_detect_scenes_force_override PASSED           [ 57%]
tests/test_scenes.py::test_get_scenes_empty PASSED                       [ 58%]
tests/test_scenes.py::test_delete_scenes_cleans_thumbnails PASSED        [ 60%]
tests/test_search_history.py::test_save_and_retrieve_history PASSED      [ 61%]
tests/test_search_history.py::test_upsert_history PASSED                 [ 62%]
tests/test_search_history.py::test_auto_delete_oldest PASSED             [ 64%]
tests/test_search_history.py::test_delete_single_entry PASSED            [ 65%]
tests/test_search_history.py::test_clear_all_history PASSED              [ 66%]
tests/test_semantic_actions.py::TestSemanticEngine::test_semantic_engine_parsing PASSED [ 67%]
tests/test_setup.py::test_get_setup_settings PASSED                      [ 69%]
tests/test_setup.py::test_post_setup_settings_valid PASSED               [ 70%]
tests/test_setup.py::test_post_setup_settings_invalid_not_exist PASSED   [ 71%]
tests/test_setup.py::test_post_setup_settings_invalid_not_dir PASSED     [ 73%]
tests/test_sorter.py::test_sorter_safety PASSED                          [ 74%]
tests/test_tag_edit.py::test_add_tags PASSED                             [ 75%]
tests/test_tag_edit.py::test_add_duplicate_tag PASSED                    [ 76%]
tests/test_tag_edit.py::test_remove_tag PASSED                           [ 78%]
tests/test_tag_edit.py::test_remove_nonexistent_tag PASSED               [ 79%]
tests/test_tag_edit.py::test_suggest_tags PASSED                         [ 80%]
tests/test_tag_edit.py::test_category_separation PASSED                  [ 82%]
tests/test_tag_edit.py::test_invalid_file_id PASSED                      [ 83%]
tests/test_tag_edit.py::test_api_add_tags PASSED                         [ 84%]
tests/test_tag_edit.py::test_api_suggest_tags PASSED                     [ 85%]
tests/test_tag_edit.py::test_api_404 PASSED                              [ 87%]
tests/test_tags.py::test_get_tag_stats PASSED                            [ 88%]
tests/test_tags.py::test_get_untagged_files PASSED                       [ 89%]
tests/test_tags.py::test_rename_tag_normal PASSED                        [ 91%]
tests/test_tags.py::test_rename_tag_merge PASSED                         [ 92%]
tests/test_tags.py::test_rename_tag_not_found PASSED                     [ 93%]
tests/test_tags.py::test_delete_tag PASSED                               [ 94%]
tests/test_tags.py::test_api_tag_stats PASSED                            [ 96%]
tests/test_tags.py::test_api_untagged PASSED                             [ 97%]
tests/test_tags.py::test_api_rename PASSED                               [ 98%]
tests/test_vlm_debug.py::test_vlm_debug_pad_token FAILED                 [100%]

================================== FAILURES ===================================
__________________________ test_vlm_debug_pad_token ___________________________
tests\test_vlm_debug.py:37: in test_vlm_debug_pad_token
    assert isinstance(ans, str)
E   AssertionError: assert False
E    +  where False = isinstance(<MagicMock name='mock.VLMEngine().ask_image()' id='2322287947664'>, str)

During handling of the above exception, another exception occurred:
tests\test_vlm_debug.py:45: in test_vlm_debug_pad_token
    pytest.fail(f"VLM debug call failed: {e}")
E   Failed: VLM debug call failed: assert False
E    +  where False = isinstance(<MagicMock name='mock.VLMEngine().ask_image()' id='2322287947664'>, str)
============================== warnings summary ===============================
<frozen importlib._bootstrap>:491
  <frozen importlib._bootstrap>:491: DeprecationWarning: builtin type SwigPyPacked has no __module__ attribute

<frozen importlib._bootstrap>:491
  <frozen importlib._bootstrap>:491: DeprecationWarning: builtin type SwigPyObject has no __module__ attribute

<frozen importlib._bootstrap>:491
  <frozen importlib._bootstrap>:491: DeprecationWarning: builtin type swigvarlink has no __module__ attribute

tests/test_debug_unpacking.py::test_batch_unpacking
  C:\Users\hosom\AppData\Roaming\Python\Python314\site-packages\onnxruntime\capi\onnxruntime_inference_collection.py:123: UserWarning: Specified provider 'CUDAExecutionProvider' is not in available provider names.Available providers: 'AzureExecutionProvider, CPUExecutionProvider'
    warnings.warn(

tests/test_deduplication.py::test_deduplication_logic
tests/test_deduplication.py::test_deduplication_logic
  C:\tools\organizefiles0112\LocalCuratorPrime\src\core\hashing.py:17: DeprecationWarning: Image.Image.getdata is deprecated and will be removed in Pillow 14 (2027-10-15). Use get_flattened_data instead.
    pixels = np.array(img.getdata(), dtype=np.int8).reshape((hash_size, hash_size + 1))

-- Docs: https://docs.pytest.org/en/stable/how-to/capture-warnings.html
=============================== tests coverage ================================
_______________ coverage: platform win32, python 3.14.0-final-0 _______________

Name                           Stmts   Miss  Cover   Missing
------------------------------------------------------------
server\__init__.py                 0      0   100%
server\dependencies.py            25      7    72%   16-17, 22-23, 34-37
server\main.py                    41     11    73%   8-14, 60, 63-66
server\routers\__init__.py         0      0   100%
server\routers\albums.py          81     26    68%   42, 52-54, 59-62, 68, 75, 78, 83-84, 88-91, 99-116, 120-121, 125-126
server\routers\dedup.py          116     26    78%   66-103, 119, 134-135, 143-147, 160-161, 164-165, 196, 202, 206, 216, 222
server\routers\demo.py            41     23    44%   22-23, 34-58, 63-75
server\routers\gallery.py        251    169    33%   22-24, 95-147, 161-233, 242-243, 248-249, 254-255, 260-286, 301-337, 354-370, 375-417, 422-425, 438-439, 479-482
server\routers\insights.py        18      2    89%   36-37
server\routers\media.py          299    122    59%   25-38, 43-114, 131, 156, 159-162, 175, 178, 215-240, 262-263, 268-277, 295, 298, 308-309, 338-339, 351-352, 367-369, 377, 381-382, 424-427, 438-439, 461, 464-471, 477-479
server\routers\privacy.py         38     25    34%   16-49, 54-70
server\routers\scan.py           133     96    28%   44, 62, 70-121, 132-148, 162-187, 198-220, 224-230, 235-239, 247-250, 259-262, 271-272, 284-285
server\routers\scenes.py          83     13    84%   62-64, 104-106, 113-115, 118-120, 132
server\routers\setup.py          103     40    61%   17-22, 80, 86-89, 99-110, 116-119, 148-151, 165, 178-179, 190-192, 197-203
server\state.py                   13      0   100%
src\check_device.py               36     36     0%   2-54
src\config.py                     28      6    79%   11-17
src\core\ai_models.py            168    162     4%   8-304
src\core\deduplication.py        151     30    80%   42, 80, 112, 125, 147, 173, 184-185, 189, 211-215, 228-232, 247-262, 274, 286, 298
src\core\exporter.py              94     16    83%   58-65, 126-128, 148-150, 180-182
src\core\hashing.py               23      4    83%   26-28, 37
src\core\inference.py             84     45    46%   22, 29-70, 78, 95-96, 114-122, 129-132, 145-147
src\core\intelligence.py          72     70     3%   4-125
src\core\joytag_inference.py      95     58    39%   26-27, 30-31, 34-43, 60-79, 82-102, 105-109, 112-130
src\core\model_manager.py        130     88    32%   33-37, 44-49, 53-56, 60-73, 165-167, 187-189, 193-212, 216-219, 223-227, 243-267, 274-277, 280-282, 286-322
src\core\semantic_actions.py      82     33    60%   19-25, 71-72, 76, 86, 90, 103-124, 131
src\core\sorter.py                55     10    82%   31, 39-40, 57-59, 81-84
src\data\db_manager.py          1069    440    59%   49-50, 54-55, 59-60, 64-65, 69-70, 74-75, 79-82, 90-91, 108-109, 136-137, 144-145, 148-149, 154-164, 169-170, 200-202, 207-220, 240-242, 401-404, 444-446, 452-453, 458-488, 492-502, 542-543, 567-568, 574-575, 584-594, 601-611, 642-643, 647-661, 667-668, 678-734, 742, 810-811, 817-818, 827-837, 848, 852, 856-859, 863-885, 889-896, 900-908, 911-918, 923-926, 932-950, 954-958, 962-971, 991-1011, 1015-1033, 1037-1048, 1067, 1078-1080, 1107-1110, 1153, 1161, 1184-1186, 1219, 1224-1226, 1235-1237, 1256-1258, 1285, 1289-1290, 1294-1296, 1327-1370, 1384-1409, 1416-1521, 1561-1562, 1564-1565, 1568, 1583-1590, 1613, 1649, 1670, 1681, 1686-1688, 1868-1870, 1893-1906, 1967
src\data\scan_job_manager.py     160     14    91%   34, 42, 82, 86, 124, 230, 237-246, 261
src\data\schemas.py               53      6    89%   32, 41, 48-49, 65, 83
------------------------------------------------------------
TOTAL                           3542   1578    55%
Coverage HTML written to dir coverage_html
=========================== short test summary info ===========================
SKIPPED [1] tests\test_engine.py:19: Core modules failed to import (likely missing torch/faiss)
SKIPPED [1] tests\test_intelligence.py:21: Core modules failed to import
SKIPPED [1] tests\test_vlm.py:23: VLM dependencies not installed, mocked, or CI skip requested
SKIPPED [1] tests\test_whisper_sub.py:5: CI skip requested for GPU/heavy models
============ 1 failed, 77 passed, 4 skipped, 6 warnings in 14.36s =============
