============================= test session starts =============================
platform win32 -- Python 3.14.0, pytest-9.0.2, pluggy-1.6.0 -- C:\Python314\python.exe
cachedir: .pytest_cache
rootdir: C:\tools\organizefiles0112\LocalCuratorPrime
plugins: anyio-4.12.1
collecting ... collected 72 items / 6 skipped

tests/test_album_api.py::test_create_dynamic_album_validation PASSED     [  1%]
tests/test_album_api.py::test_update_dynamic_album_validation PASSED     [  2%]
tests/test_albums.py::test_create_static_album PASSED                    [  4%]
tests/test_albums.py::test_create_dynamic_album PASSED                   [  5%]
tests/test_albums.py::test_add_remove_items_static PASSED                [  6%]
tests/test_albums.py::test_dynamic_album_results PASSED                  [  8%]
tests/test_albums.py::test_delete_album PASSED                           [  9%]
tests/test_albums.py::test_update_album PASSED                           [ 11%]
tests/test_bulk_tags.py::test_bulk_add_tags PASSED                       [ 12%]
tests/test_bulk_tags.py::test_bulk_remove_tags PASSED                    [ 13%]
tests/test_bulk_tags.py::test_bulk_replace_tags PASSED                   [ 15%]
tests/test_bulk_tags.py::test_bulk_limit_exceeded PASSED                 [ 16%]
tests/test_bulk_tags.py::test_bulk_mixed_results PASSED                  [ 18%]
tests/test_bulk_tags.py::test_bulk_empty_tags PASSED                     [ 19%]
tests/test_bulk_tags.py::test_bulk_add_tags_deduplication PASSED         [ 20%]
tests/test_debug_unpacking.py::test_batch_unpacking PASSED               [ 22%]
tests/test_deduplication_merge.py::test_metadata_merge PASSED            [ 23%]
tests/test_exporter.py::test_export_to_xmp_sidecar PASSED                [ 25%]
tests/test_exporter.py::test_export_to_exif_jpeg PASSED                  [ 26%]
tests/test_exporter.py::test_export_exif_unsupported_format PASSED       [ 27%]
tests/test_exporter.py::test_export_batch_mixed PASSED                   [ 29%]
tests/test_insights.py::test_empty_library_insights PASSED               [ 30%]
tests/test_insights.py::test_untagged_files_insight PASSED               [ 31%]
tests/test_insights.py::test_untagged_files_high_priority PASSED         [ 33%]
tests/test_insights.py::test_album_suggestion_insight PASSED             [ 34%]
tests/test_insights.py::test_album_suggestion_already_exists PASSED      [ 36%]
tests/test_insights.py::test_low_quality_tags_insight PASSED             [ 37%]
tests/test_insights.py::test_api_insights_endpoint PASSED                [ 38%]
tests/test_integration_export_dedup.py::test_integration_export_dedup_deletes_xmp PASSED [ 40%]
tests/test_pipeline.py::test_pipeline PASSED                             [ 41%]
tests/test_rescan.py::test_single_rescan PASSED                          [ 43%]
tests/test_rescan.py::test_bulk_rescan PASSED                            [ 44%]
tests/test_rescan.py::test_bulk_rescan_limit PASSED                      [ 45%]
tests/test_rescan.py::test_rescan_invalid_file PASSED                    [ 47%]
tests/test_reverse_search.py::test_reverse_search_endpoint PASSED        [ 48%]
tests/test_scan_job_manager.py::test_scan_job_lifecycle PASSED           [ 50%]
tests/test_scenes.py::test_detect_scenes_endpoint PASSED                 [ 51%]
tests/test_scenes.py::test_delete_scenes_endpoint PASSED                 [ 52%]
tests/test_scenes.py::test_scene_search_endpoint PASSED                  [ 54%]
tests/test_scenes.py::test_db_manager_new_columns PASSED                 [ 55%]
tests/test_search_history.py::test_save_and_retrieve_history PASSED      [ 56%]
tests/test_search_history.py::test_upsert_history PASSED                 [ 58%]
tests/test_search_history.py::test_auto_delete_oldest PASSED             [ 59%]
tests/test_search_history.py::test_delete_single_entry PASSED            [ 61%]
tests/test_search_history.py::test_clear_all_history PASSED              [ 62%]
tests/test_setup.py::test_get_setup_settings PASSED                      [ 63%]
tests/test_setup.py::test_post_setup_settings_valid PASSED               [ 65%]
tests/test_setup.py::test_post_setup_settings_invalid_not_exist PASSED   [ 66%]
tests/test_setup.py::test_post_setup_settings_invalid_not_dir PASSED     [ 68%]
tests/test_sorter.py::test_sorter_safety PASSED                          [ 69%]
tests/test_tag_edit.py::test_add_tags PASSED                             [ 70%]
tests/test_tag_edit.py::test_add_duplicate_tag PASSED                    [ 72%]
tests/test_tag_edit.py::test_remove_tag PASSED                           [ 73%]
tests/test_tag_edit.py::test_remove_nonexistent_tag PASSED               [ 75%]
tests/test_tag_edit.py::test_suggest_tags PASSED                         [ 76%]
tests/test_tag_edit.py::test_category_separation PASSED                  [ 77%]
tests/test_tag_edit.py::test_invalid_file_id PASSED                      [ 79%]
tests/test_tag_edit.py::test_api_add_tags PASSED                         [ 80%]
tests/test_tag_edit.py::test_api_suggest_tags PASSED                     [ 81%]
tests/test_tag_edit.py::test_api_404 PASSED                              [ 83%]
tests/test_tags.py::test_get_tag_stats PASSED                            [ 84%]
tests/test_tags.py::test_get_untagged_files PASSED                       [ 86%]
tests/test_tags.py::test_rename_tag_normal PASSED                        [ 87%]
tests/test_tags.py::test_rename_tag_merge PASSED                         [ 88%]
tests/test_tags.py::test_rename_tag_not_found PASSED                     [ 90%]
tests/test_tags.py::test_delete_tag PASSED                               [ 91%]
tests/test_tags.py::test_api_tag_stats PASSED                            [ 93%]
tests/test_tags.py::test_api_untagged PASSED                             [ 94%]
tests/test_tags.py::test_api_rename PASSED                               [ 95%]
tests/test_vlm.py::test_vlm_initialization PASSED                        [ 97%]
tests/test_vlm.py::test_vlm_inference FAILED                             [ 98%]
tests/test_vlm.py::test_vlm_vqa FAILED                                   [100%]

================================== FAILURES ===================================
_____________________________ test_vlm_inference ______________________________

    def test_vlm_inference():
        engine = VLMEngine()
        # Create a dummy image
        img = Image.new('RGB', (100, 100), color='blue')
    
        caption = engine.generate_detailed_caption(img)
>       assert isinstance(caption, str)
E       assert False
E        +  where False = isinstance(None, str)

tests\test_vlm.py:23: AssertionError
---------------------------- Captured stdout call -----------------------------
Loading VLM model (microsoft/Florence-2-base)...
VLM model loaded successfully.
Error during VLM inference: 'input_ids'
________________________________ test_vlm_vqa _________________________________

    def test_vlm_vqa():
        engine = VLMEngine()
        img = Image.new('RGB', (100, 100), color='blue')
    
        answer = engine.ask_image(img, "What color is the image?")
>       assert isinstance(answer, str)
E       assert False
E        +  where False = isinstance(None, str)

tests\test_vlm.py:30: AssertionError
---------------------------- Captured stdout call -----------------------------
Error during VLM inference: 'input_ids'
=========================== short test summary info ===========================
FAILED tests/test_vlm.py::test_vlm_inference - assert False
FAILED tests/test_vlm.py::test_vlm_vqa - assert False
=================== 2 failed, 70 passed, 6 skipped in 9.72s ===================
