============================= test session starts =============================
platform win32 -- Python 3.14.0, pytest-9.0.2, pluggy-1.6.0 -- C:\Python314\python.exe
cachedir: .pytest_cache
rootdir: C:\tools\organizefiles0112\LocalCuratorPrime
plugins: anyio-4.12.1
collecting ... collected 0 items / 1 error

=================================== ERRORS ====================================
____________________ ERROR collecting tests/test_rescan.py ____________________
ImportError while importing test module 'C:\tools\organizefiles0112\LocalCuratorPrime\tests\test_rescan.py'.
Hint: make sure your test modules/packages have valid Python names.
Traceback:
C:\Users\hosom\AppData\Roaming\Python\Python314\site-packages\_pytest\python.py:507: in importtestmodule
    mod = import_path(
C:\Users\hosom\AppData\Roaming\Python\Python314\site-packages\_pytest\pathlib.py:587: in import_path
    importlib.import_module(module_name)
C:\Python314\Lib\importlib\__init__.py:88: in import_module
    return _bootstrap._gcd_import(name[level:], package, level)
           ^^^^^^^^^^^^^^^^^^^^^^^^^^^^^^^^^^^^^^^^^^^^^^^^^^^^
<frozen importlib._bootstrap>:1398: in _gcd_import
    ???
<frozen importlib._bootstrap>:1371: in _find_and_load
    ???
<frozen importlib._bootstrap>:1342: in _find_and_load_unlocked
    ???
<frozen importlib._bootstrap>:938: in _load_unlocked
    ???
C:\Users\hosom\AppData\Roaming\Python\Python314\site-packages\_pytest\assertion\rewrite.py:197: in exec_module
    exec(co, module.__dict__)
tests\test_rescan.py:20: in <module>
    from server.main import app
server\main.py:10: in <module>
    from server.routers import gallery, media, scan, setup, dedup, albums
server\routers\media.py:17: in <module>
    from src.core.processor import Processor
src\core\processor.py:17: in <module>
    from .intelligence import AutoTagger
src\core\intelligence.py:3: in <module>
    from sklearn.cluster import DBSCAN
E   ModuleNotFoundError: No module named 'sklearn'
=========================== short test summary info ===========================
ERROR tests/test_rescan.py
!!!!!!!!!!!!!!!!!!! Interrupted: 1 error during collection !!!!!!!!!!!!!!!!!!!!
============================== 1 error in 0.69s ===============================
